<?xml version="1.0" encoding="UTF-8"?>
<!-- Generated by org.testng.reporters.JUnitReportReporter -->
<testsuite hostname="DESKTOP-M34S856" failures="0" tests="1" name="dragAndDropSliders.DragAndDropSlidersClass" time="31.685" errors="0" timestamp="2024-05-25T17:58:54 IST" skipped="0">
  <testcase classname="dragAndDropSliders.DragAndDropSlidersClass" name="TestScenario2" time="31.685"/>
  <system-out/>
</testsuite> <!-- dragAndDropSliders.DragAndDropSlidersClass -->
