<?xml version="1.0" encoding="UTF-8"?>
<!-- Generated by org.testng.reporters.JUnitReportReporter -->
<testsuite hostname="DESKTOP-M34S856" failures="0" tests="1" name="simpleFormDemo.SimpleFormDemoclass" time="9.653" errors="0" timestamp="2024-05-25T17:58:54 IST" skipped="0">
  <testcase classname="simpleFormDemo.SimpleFormDemoclass" name="TestScenario1" time="9.653"/>
  <system-out/>
</testsuite> <!-- simpleFormDemo.SimpleFormDemoclass -->
